<?xml version="1.0" encoding="UTF-8"?>
<testsuite xmlns:xsi="http://www.w3.org/2001/XMLSchema-instance" xsi:noNamespaceSchemaLocation="https://maven.apache.org/surefire/maven-surefire-plugin/xsd/surefire-test-report-3.0.xsd" version="3.0" name="com.consulea.servlet.LoginServletTest" time="1.478" tests="9" errors="1" skipped="0" failures="0">
  <properties>
[...]
</properties>
  <testcase name="doPost_shouldRedirectToLogin_forUnknownRole" classname="com.consulea.servlet.LoginServletTest" time="1.358">
    <error message="Cannot invoke &quot;jakarta.servlet.RequestDispatcher.forward(jakarta.servlet.ServletRequest, jakarta.servlet.ServletResponse)&quot; because the return value of &quot;jakarta.servlet.http.HttpServletRequest.getRequestDispatcher(String)&quot; is null" type="java.lang.NullPointerException"><![CDATA[java.lang.NullPointerException: Cannot invoke "jakarta.servlet.RequestDispatcher.forward(jakarta.servlet.ServletRequest, jakarta.servlet.ServletResponse)" because the return value of "jakarta.servlet.http.HttpServletRequest.getRequestDispatcher(String)" is null
	at com.consulea.servlet.LoginServlet.doPost(LoginServlet.java:65)
	at com.consulea.servlet.LoginServletTest.doPost_shouldRedirectToLogin_forUnknownRole(LoginServletTest.java:236)
	at java.base/java.lang.reflect.Method.invoke(Method.java:569)
	at java.base/java.util.ArrayList.forEach(ArrayList.java:1511)
	at java.base/java.util.ArrayList.forEach(ArrayList.java:1511)
]]></error>
  </testcase>
  <testcase name="doPost_shouldLoginSuccessfully_andRedirectToDoctorDashboard" classname="com.consulea.servlet.LoginServletTest" time="0.022"/>
  <testcase name="doGet_shouldForwardToLoginPage_whenSessionExistsButNoUser" classname="com.consulea.servlet.LoginServletTest" time="0.008"/>
  <testcase name="doGet_shouldRedirectToDashboard_whenUserIsAlreadyLoggedIn" classname="com.consulea.servlet.LoginServletTest" time="0.004"/>
  <testcase name="doPost_shouldLoginSuccessfully_andRedirectToNurseDashboard" classname="com.consulea.servlet.LoginServletTest" time="0.007"/>
  <testcase name="doPost_shouldLoginSuccessfully_andRedirectToSpecialistDashboard" classname="com.consulea.servlet.LoginServletTest" time="0.006"/>
  <testcase name="doPost_shouldShowError_whenAuthenticationServiceThrowsException" classname="com.consulea.servlet.LoginServletTest" time="0.008"/>
  <testcase name="doPost_shouldShowError_whenLoginFails" classname="com.consulea.servlet.LoginServletTest" time="0.006"/>
  <testcase name="doGet_shouldForwardToLoginPage_whenNoSessionExists" classname="com.consulea.servlet.LoginServletTest" time="0.004"/>
</testsuite>